<?xml version="1.0" encoding="UTF-8"?>
<testsuites tests="1" failures="1" disabled="0" errors="0" time="0.001" timestamp="2025-07-10T17:00:49.476" name="AllTests">
  <testsuite name="TranscodingEngineTest" tests="1" failures="1" disabled="0" skipped="0" errors="0" time="0.001" timestamp="2025-07-10T17:00:49.476">
    <testcase name="PerformTranscodingMockedFileIO" file="/home/segin/distconv/transcoding_engine/tests_modern/test_transcoding_engine.cpp" line="125" status="run" result="completed" time="0.001" timestamp="2025-07-10T17:00:49.476" classname="TranscodingEngineTest">
      <failure message="/home/segin/distconv/transcoding_engine/tests_modern/test_transcoding_engine.cpp:159&#x0A;Value of: result&#x0A;  Actual: false&#x0A;Expected: true&#x0A;" type=""><![CDATA[/home/segin/distconv/transcoding_engine/tests_modern/test_transcoding_engine.cpp:159
Value of: result
  Actual: false
Expected: true
]]></failure>
      <failure message="/home/segin/distconv/transcoding_engine/tests_modern/test_transcoding_engine.cpp:164&#x0A;Value of: http_client_ptr-&gt;was_url_called(&quot;http://test-dispatcher:8080/jobs/test-job-123/complete&quot;)&#x0A;  Actual: false&#x0A;Expected: true&#x0A;" type=""><![CDATA[/home/segin/distconv/transcoding_engine/tests_modern/test_transcoding_engine.cpp:164
Value of: http_client_ptr->was_url_called("http://test-dispatcher:8080/jobs/test-job-123/complete")
  Actual: false
Expected: true
]]></failure>
    </testcase>
  </testsuite>
</testsuites>
